<?xml version="1.0" encoding="UTF-8"?>
<!-- Generated by org.testng.reporters.JUnitReportReporter -->
<testsuite skipped="0" hostname="LAPTOP-I3V0BKGE" name="com.buddi.colombiaapp.LoginColombiaAppNew" tests="1" failures="0" timestamp="03 May 2020 07:03:19 GMT" time="14.474" errors="0">
  <testcase name="loginColombiaApp" time="14.474" classname="com.buddi.colombiaapp.LoginColombiaAppNew"/>
</testsuite> <!-- com.buddi.colombiaapp.LoginColombiaAppNew -->
