<?xml version="1.0" encoding="UTF-8"?>
<!-- Generated by org.testng.reporters.JUnitReportReporter -->
<testsuite skipped="0" hostname="LAPTOP-I3V0BKGE" name="com.buddi.hdportal.tests.HDPortalManagementTest" tests="4" failures="0" timestamp="12 Jun 2020 14:50:07 GMT" time="3.451" errors="0">
  <testcase name="expandManagementMenu" time="0.147" classname="com.buddi.hdportal.tests.HDPortalManagementTest"/>
  <testcase name="clickUserGroupsMenuItem" time="0.998" classname="com.buddi.hdportal.tests.HDPortalManagementTest"/>
  <testcase name="addUserGroup" time="1.034" classname="com.buddi.hdportal.tests.HDPortalManagementTest"/>
  <testcase name="deleteCreatedUserGroup" time="1.272" classname="com.buddi.hdportal.tests.HDPortalManagementTest"/>
</testsuite> <!-- com.buddi.hdportal.tests.HDPortalManagementTest -->
