<?xml version="1.0" encoding="UTF-8"?>
<!-- Generated by org.testng.reporters.JUnitReportReporter -->
<testsuite skipped="0" hostname="LAPTOP-I3V0BKGE" name="com.buddi.hdportal.tests.HDPortalManagePendingVisitsTest" tests="2" failures="0" timestamp="19 Sep 2020 14:34:12 GMT" time="0.520" errors="0">
  <testcase name="accessVisitsMenu" time="0.134" classname="com.buddi.hdportal.tests.HDPortalManagePendingVisitsTest"/>
  <testcase name="accessPendingMenuItem" time="0.386" classname="com.buddi.hdportal.tests.HDPortalManagePendingVisitsTest"/>
</testsuite> <!-- com.buddi.hdportal.tests.HDPortalManagePendingVisitsTest -->
