<?xml version="1.0" encoding="UTF-8"?>
<!-- Generated by org.testng.reporters.JUnitReportReporter -->
<testsuite skipped="0" hostname="LAPTOP-I3V0BKGE" name="com.buddi.hdportal.tests.HDPortalManageUserGroupsTest" tests="10" failures="0" timestamp="30 Sep 2020 04:56:17 GMT" time="33.306" errors="0">
  <testcase name="accessManagementMenu" time="1.627" classname="com.buddi.hdportal.tests.HDPortalManageUserGroupsTest"/>
  <testcase name="accessUserGroupsMenuItem" time="0.807" classname="com.buddi.hdportal.tests.HDPortalManageUserGroupsTest"/>
  <testcase name="createNewUserGroup" time="2.871" classname="com.buddi.hdportal.tests.HDPortalManageUserGroupsTest"/>
  <testcase name="duplicateUserGroup" time="4.277" classname="com.buddi.hdportal.tests.HDPortalManageUserGroupsTest"/>
  <testcase name="createDuplicateUserGroupInLowerCase" time="0.815" classname="com.buddi.hdportal.tests.HDPortalManageUserGroupsTest"/>
  <testcase name="createDuplicateUserGroupPrefixedWithSpaces" time="3.360" classname="com.buddi.hdportal.tests.HDPortalManageUserGroupsTest"/>
  <testcase name="duplicateAnExistingUserGroupInLowerCase" time="7.009" classname="com.buddi.hdportal.tests.HDPortalManageUserGroupsTest"/>
  <testcase name="duplicateAnExistingUserGroupPrefixedWithSpaces" time="5.839" classname="com.buddi.hdportal.tests.HDPortalManageUserGroupsTest"/>
  <testcase name="deleteCreatedUserGroup" time="3.255" classname="com.buddi.hdportal.tests.HDPortalManageUserGroupsTest"/>
  <testcase name="deleteDuplicateUserGroup" time="3.446" classname="com.buddi.hdportal.tests.HDPortalManageUserGroupsTest"/>
</testsuite> <!-- com.buddi.hdportal.tests.HDPortalManageUserGroupsTest -->
