<?xml version="1.0" encoding="UTF-8"?>
<!-- Generated by org.testng.reporters.JUnitReportReporter -->
<testsuite skipped="0" hostname="LAPTOP-I3V0BKGE" name="com.buddi.hdportal.tests.HDPortalLoginTest" tests="2" failures="0" timestamp="14 Jun 2020 08:29:11 GMT" time="16.456" errors="0">
  <testcase name="launchHDPortal" time="5.204" classname="com.buddi.hdportal.tests.HDPortalLoginTest"/>
  <testcase name="loginHDPortal" time="11.252" classname="com.buddi.hdportal.tests.HDPortalLoginTest"/>
</testsuite> <!-- com.buddi.hdportal.tests.HDPortalLoginTest -->
