<?xml version="1.0" encoding="UTF-8"?>
<!-- Generated by org.testng.reporters.JUnitReportReporter -->
<testsuite skipped="0" hostname="LAPTOP-I3V0BKGE" name="com.buddi.hdportal.tests.HDPortalManageAlertHistoryTest" tests="3" failures="0" timestamp="30 Sep 2020 04:56:17 GMT" time="3.048" errors="0">
  <testcase name="accessAlertHistoryMenuAndVerifyGridTitle" time="2.007" classname="com.buddi.hdportal.tests.HDPortalManageAlertHistoryTest"/>
  <testcase name="openAlertDetailPage" time="0.584" classname="com.buddi.hdportal.tests.HDPortalManageAlertHistoryTest"/>
  <testcase name="verifyReopenAlertButtonInAlertDetailPage" time="0.457" classname="com.buddi.hdportal.tests.HDPortalManageAlertHistoryTest"/>
</testsuite> <!-- com.buddi.hdportal.tests.HDPortalManageAlertHistoryTest -->
