<?xml version="1.0" encoding="UTF-8"?>
<!-- Generated by org.testng.reporters.JUnitReportReporter -->
<testsuite skipped="0" hostname="LAPTOP-I3V0BKGE" name="com.buddi.hdportal.tests.HDPortalHomeTest" tests="1" failures="0" timestamp="01 Jul 2020 13:48:52 GMT" time="1.917" errors="0">
  <testcase name="verifyHelpDeskTitleInHomePage" time="1.917" classname="com.buddi.hdportal.tests.HDPortalHomeTest"/>
</testsuite> <!-- com.buddi.hdportal.tests.HDPortalHomeTest -->
