<?xml version="1.0" encoding="UTF-8"?>
<!-- Generated by org.testng.reporters.JUnitReportReporter -->
<testsuite skipped="0" hostname="LAPTOP-I3V0BKGE" name="com.buddi.hdportal.tests.HDPortalManageKnowledgeBaseTest" tests="4" failures="0" timestamp="30 Sep 2020 04:56:17 GMT" time="13.618" errors="0">
  <testcase name="accessManagementMenuForKnowledgeBase" time="2.080" classname="com.buddi.hdportal.tests.HDPortalManageKnowledgeBaseTest"/>
  <testcase name="accessKnowledgeBaseMenuItem" time="0.794" classname="com.buddi.hdportal.tests.HDPortalManageKnowledgeBaseTest"/>
  <testcase name="verifyNewlyCreatedKnowledgeBase" time="6.078" classname="com.buddi.hdportal.tests.HDPortalManageKnowledgeBaseTest"/>
  <testcase name="createNewKnowledgeBase" time="4.666" classname="com.buddi.hdportal.tests.HDPortalManageKnowledgeBaseTest"/>
</testsuite> <!-- com.buddi.hdportal.tests.HDPortalManageKnowledgeBaseTest -->
