<?xml version="1.0" encoding="UTF-8"?>
<!-- Generated by org.testng.reporters.JUnitReportReporter -->
<testsuite skipped="0" hostname="LAPTOP-I3V0BKGE" name="com.buddi.hdportal.tests.HDPortalManageNewManualAlertsTest" tests="2" failures="0" timestamp="19 Sep 2020 14:34:12 GMT" time="0.756" errors="0">
  <testcase name="accessNewAlertsMenuAndVerifyPanelTitle" time="0.414" classname="com.buddi.hdportal.tests.HDPortalManageNewManualAlertsTest"/>
  <testcase name="verifyColumnNamesInNewAlertsPageGrid" time="0.342" classname="com.buddi.hdportal.tests.HDPortalManageNewManualAlertsTest"/>
</testsuite> <!-- com.buddi.hdportal.tests.HDPortalManageNewManualAlertsTest -->
