<?xml version="1.0" encoding="UTF-8"?>
<!-- Generated by org.testng.reporters.JUnitReportReporter -->
<testsuite skipped="0" hostname="LAPTOP-I3V0BKGE" name="com.buddi.hdportal.tests.HDPortalManageUserGroupsTest" tests="10" failures="0" timestamp="17 Sep 2020 06:38:51 GMT" time="33.881" errors="0">
  <testcase name="accessManagementMenu" time="0.163" classname="com.buddi.hdportal.tests.HDPortalManageUserGroupsTest"/>
  <testcase name="accessUserGroupsMenuItem" time="0.362" classname="com.buddi.hdportal.tests.HDPortalManageUserGroupsTest"/>
  <testcase name="createNewUserGroup" time="3.258" classname="com.buddi.hdportal.tests.HDPortalManageUserGroupsTest"/>
  <testcase name="duplicateUserGroup" time="4.024" classname="com.buddi.hdportal.tests.HDPortalManageUserGroupsTest"/>
  <testcase name="createDuplicateUserGroupInLowerCase" time="0.924" classname="com.buddi.hdportal.tests.HDPortalManageUserGroupsTest"/>
  <testcase name="createDuplicateUserGroupPrefixedWithSpaces" time="3.233" classname="com.buddi.hdportal.tests.HDPortalManageUserGroupsTest"/>
  <testcase name="duplicateAnExistingUserGroupInLowerCase" time="6.777" classname="com.buddi.hdportal.tests.HDPortalManageUserGroupsTest"/>
  <testcase name="duplicateAnExistingUserGroupPrefixedWithSpaces" time="7.510" classname="com.buddi.hdportal.tests.HDPortalManageUserGroupsTest"/>
  <testcase name="deleteCreatedUserGroup" time="3.736" classname="com.buddi.hdportal.tests.HDPortalManageUserGroupsTest"/>
  <testcase name="deleteDuplicateUserGroup" time="3.894" classname="com.buddi.hdportal.tests.HDPortalManageUserGroupsTest"/>
</testsuite> <!-- com.buddi.hdportal.tests.HDPortalManageUserGroupsTest -->
