<?xml version="1.0" encoding="UTF-8"?>
<!-- Generated by org.testng.reporters.JUnitReportReporter -->
<testsuite skipped="0" hostname="LAPTOP-I3V0BKGE" name="com.buddi.hdportal.tests.HDPortalManageNewManualAlertsTest" tests="3" failures="0" timestamp="21 Sep 2020 09:22:22 GMT" time="8.800" errors="0">
  <testcase name="accessNewAlertsMenuAndVerifyPanelTitle" time="0.370" classname="com.buddi.hdportal.tests.HDPortalManageNewManualAlertsTest"/>
  <testcase name="verifyColumnNamesInNewAlertsPageGrid" time="1.660" classname="com.buddi.hdportal.tests.HDPortalManageNewManualAlertsTest"/>
  <testcase name="createNewAlert" time="6.770" classname="com.buddi.hdportal.tests.HDPortalManageNewManualAlertsTest"/>
</testsuite> <!-- com.buddi.hdportal.tests.HDPortalManageNewManualAlertsTest -->
