<?xml version="1.0" encoding="UTF-8"?>
<!-- Generated by org.testng.reporters.JUnitReportReporter -->
<testsuite skipped="0" hostname="LAPTOP-I3V0BKGE" name="com.buddi.hdportal.tests.HDPortalManagePendingVisitsTest" tests="3" failures="0" timestamp="30 Sep 2020 04:56:17 GMT" time="12.327" errors="0">
  <testcase name="accessVisitsMenu" time="1.799" classname="com.buddi.hdportal.tests.HDPortalManagePendingVisitsTest"/>
  <testcase name="accessPendingMenuItem" time="5.364" classname="com.buddi.hdportal.tests.HDPortalManagePendingVisitsTest"/>
  <testcase name="clickAddNewVisitToolBarButton" time="5.164" classname="com.buddi.hdportal.tests.HDPortalManagePendingVisitsTest"/>
</testsuite> <!-- com.buddi.hdportal.tests.HDPortalManagePendingVisitsTest -->
