<?xml version="1.0" encoding="UTF-8"?>
<!-- Generated by org.testng.reporters.JUnitReportReporter -->
<testsuite skipped="0" hostname="LAPTOP-I3V0BKGE" name="com.buddi.colombiaapp.tests.LoginColombiaAppTest" tests="4" failures="0" timestamp="04 Sep 2020 16:58:10 GMT" time="23.123" errors="0">
  <testcase name="getAppHomeScreenMainTitle" time="0.669" classname="com.buddi.colombiaapp.tests.LoginColombiaAppTest"/>
  <testcase name="getAppHomeScreenSubTitle" time="0.104" classname="com.buddi.colombiaapp.tests.LoginColombiaAppTest"/>
  <testcase name="loginColombiaApp" time="14.483" classname="com.buddi.colombiaapp.tests.LoginColombiaAppTest"/>
  <testcase name="logOutColombiaApp" time="7.867" classname="com.buddi.colombiaapp.tests.LoginColombiaAppTest"/>
</testsuite> <!-- com.buddi.colombiaapp.tests.LoginColombiaAppTest -->
