<?xml version="1.0" encoding="UTF-8"?>
<!-- Generated by org.testng.reporters.JUnitReportReporter -->
<testsuite skipped="0" hostname="LAPTOP-I3V0BKGE" name="com.buddi.hdportal.tests.HDPortalManageNewManualAlertsTest" tests="4" failures="0" timestamp="03 Oct 2020 15:11:01 GMT" time="15.734" errors="0">
  <testcase name="accessNewAlertsMenuAndVerifyGridTitle" time="3.023" classname="com.buddi.hdportal.tests.HDPortalManageNewManualAlertsTest"/>
  <testcase name="verifyColumnNamesInNewAlertsPageGrid" time="1.977" classname="com.buddi.hdportal.tests.HDPortalManageNewManualAlertsTest"/>
  <testcase name="createNewAlert" time="8.118" classname="com.buddi.hdportal.tests.HDPortalManageNewManualAlertsTest"/>
  <testcase name="verifyNewlyCreatedAlert" time="2.616" classname="com.buddi.hdportal.tests.HDPortalManageNewManualAlertsTest"/>
</testsuite> <!-- com.buddi.hdportal.tests.HDPortalManageNewManualAlertsTest -->
