<?xml version="1.0" encoding="UTF-8"?>
<!-- Generated by org.testng.reporters.JUnitReportReporter -->
<testsuite skipped="0" hostname="LAPTOP-I3V0BKGE" name="com.buddi.hdportal.tests.HDPortalManageKnowledgeBaseTest" tests="3" failures="0" timestamp="19 Sep 2020 19:29:34 GMT" time="8.151" errors="0">
  <testcase name="accessManagementMenuForKB" time="0.087" classname="com.buddi.hdportal.tests.HDPortalManageKnowledgeBaseTest"/>
  <testcase name="accessKnowledgeBaseMenuItem" time="0.465" classname="com.buddi.hdportal.tests.HDPortalManageKnowledgeBaseTest"/>
  <testcase name="createNewKnowledgeBase" time="7.599" classname="com.buddi.hdportal.tests.HDPortalManageKnowledgeBaseTest"/>
</testsuite> <!-- com.buddi.hdportal.tests.HDPortalManageKnowledgeBaseTest -->
