<?xml version="1.0" encoding="UTF-8"?>
<!-- Generated by org.testng.reporters.JUnitReportReporter -->
<testsuite skipped="0" hostname="LAPTOP-I3V0BKGE" name="com.buddi.hdportal.tests.HDPortalManagePendingVisitsTest" tests="3" failures="0" timestamp="03 Oct 2020 15:11:01 GMT" time="12.130" errors="0">
  <testcase name="accessVisitsMenu" time="1.583" classname="com.buddi.hdportal.tests.HDPortalManagePendingVisitsTest"/>
  <testcase name="accessPendingMenuItem" time="5.379" classname="com.buddi.hdportal.tests.HDPortalManagePendingVisitsTest"/>
  <testcase name="clickAddNewVisitToolBarButton" time="5.168" classname="com.buddi.hdportal.tests.HDPortalManagePendingVisitsTest"/>
</testsuite> <!-- com.buddi.hdportal.tests.HDPortalManagePendingVisitsTest -->
