<?xml version="1.0" encoding="UTF-8"?>
<!-- Generated by org.testng.reporters.JUnitReportReporter -->
<testsuite skipped="0" hostname="LAPTOP-I3V0BKGE" name="com.buddi.hdportal.tests.HDPortalManageNewManualAlertsTest" tests="2" failures="0" timestamp="04 Sep 2020 07:47:37 GMT" time="0.738" errors="0">
  <testcase name="accessNewAlertsMenuAndVerifyPanelTitle" time="0.376" classname="com.buddi.hdportal.tests.HDPortalManageNewManualAlertsTest"/>
  <testcase name="verifyColumnNamesInNewAlertsPageGrid" time="0.362" classname="com.buddi.hdportal.tests.HDPortalManageNewManualAlertsTest"/>
</testsuite> <!-- com.buddi.hdportal.tests.HDPortalManageNewManualAlertsTest -->
