<?xml version="1.0" encoding="UTF-8"?>
<!-- Generated by org.testng.reporters.JUnitReportReporter -->
<testsuite skipped="0" hostname="LAPTOP-I3V0BKGE" name="com.instatech.buddi.appiumproject.LoginColombiaAppNew" tests="1" failures="0" timestamp="03 May 2020 06:58:52 GMT" time="14.281" errors="0">
  <testcase name="loginColombiaApp" time="14.281" classname="com.instatech.buddi.appiumproject.LoginColombiaAppNew"/>
</testsuite> <!-- com.instatech.buddi.appiumproject.LoginColombiaAppNew -->
