<?xml version="1.0" encoding="UTF-8"?>
<!-- Generated by org.testng.reporters.JUnitReportReporter -->
<testsuite skipped="0" hostname="LAPTOP-I3V0BKGE" name="com.buddi.hdportal.tests.HDPortalManageKnowledgeBaseTest" tests="3" failures="0" timestamp="03 Oct 2020 15:11:01 GMT" time="10.007" errors="0">
  <testcase name="accessManagementMenuForKnowledgeBase" time="1.579" classname="com.buddi.hdportal.tests.HDPortalManageKnowledgeBaseTest"/>
  <testcase name="accessKnowledgeBaseMenuItem" time="0.897" classname="com.buddi.hdportal.tests.HDPortalManageKnowledgeBaseTest"/>
  <testcase name="createNewKnowledgeBase" time="7.531" classname="com.buddi.hdportal.tests.HDPortalManageKnowledgeBaseTest"/>
</testsuite> <!-- com.buddi.hdportal.tests.HDPortalManageKnowledgeBaseTest -->
