<?xml version="1.0" encoding="UTF-8"?>
<!-- Generated by org.testng.reporters.JUnitReportReporter -->
<testsuite skipped="0" hostname="LAPTOP-I3V0BKGE" name="com.buddi.colombiaapp.testngexample.testngexample2" tests="2" failures="0" timestamp="13 May 2020 09:40:37 GMT" time="0.002" errors="0">
  <testcase name="testA" time="0.001" classname="com.buddi.colombiaapp.testngexample.testngexample2"/>
  <testcase name="testB" time="0.001" classname="com.buddi.colombiaapp.testngexample.testngexample2"/>
</testsuite> <!-- com.buddi.colombiaapp.testngexample.testngexample2 -->
