<?xml version="1.0" encoding="UTF-8"?>
<!-- Generated by org.testng.reporters.JUnitReportReporter -->
<testsuite skipped="0" hostname="LAPTOP-I3V0BKGE" name="com.buddi.hdportal.tests.HDPortalManageInProgressAlertsTest" tests="4" failures="0" timestamp="30 Sep 2020 04:56:17 GMT" time="6.971" errors="0">
  <testcase name="accessInProgressAlertsMenuAndVerifyGridTitle" time="1.928" classname="com.buddi.hdportal.tests.HDPortalManageInProgressAlertsTest"/>
  <testcase name="verifyColumnNamesInInProgressAlertsPageGrid" time="2.615" classname="com.buddi.hdportal.tests.HDPortalManageInProgressAlertsTest"/>
  <testcase name="openAlertDetailPage" time="0.296" classname="com.buddi.hdportal.tests.HDPortalManageInProgressAlertsTest"/>
  <testcase name="confirmAlertFromDetailsPage" time="2.132" classname="com.buddi.hdportal.tests.HDPortalManageInProgressAlertsTest"/>
</testsuite> <!-- com.buddi.hdportal.tests.HDPortalManageInProgressAlertsTest -->
