<?xml version="1.0" encoding="UTF-8"?>
<!-- Generated by org.testng.reporters.JUnitReportReporter -->
<testsuite skipped="0" hostname="LAPTOP-I3V0BKGE" name="com.buddi.hdportal.tests.HDPortalManageUserGroupsTest" tests="10" failures="0" timestamp="02 Jul 2020 09:32:08 GMT" time="36.174" errors="0">
  <testcase name="accessManagementMenu" time="0.138" classname="com.buddi.hdportal.tests.HDPortalManageUserGroupsTest"/>
  <testcase name="accessUserGroupsMenuItem" time="1.050" classname="com.buddi.hdportal.tests.HDPortalManageUserGroupsTest"/>
  <testcase name="createNewUserGroup" time="3.441" classname="com.buddi.hdportal.tests.HDPortalManageUserGroupsTest"/>
  <testcase name="duplicateUserGroup" time="4.152" classname="com.buddi.hdportal.tests.HDPortalManageUserGroupsTest"/>
  <testcase name="createDuplicateUserGroupInLowerCase" time="1.299" classname="com.buddi.hdportal.tests.HDPortalManageUserGroupsTest"/>
  <testcase name="createDuplicateUserGroupPrefixedWithSpaces" time="3.906" classname="com.buddi.hdportal.tests.HDPortalManageUserGroupsTest"/>
  <testcase name="duplicateAnExistingUserGroupInLowerCase" time="7.204" classname="com.buddi.hdportal.tests.HDPortalManageUserGroupsTest"/>
  <testcase name="duplicateAnExistingUserGroupPrefixedWithSpaces" time="6.928" classname="com.buddi.hdportal.tests.HDPortalManageUserGroupsTest"/>
  <testcase name="deleteCreatedUserGroup" time="3.829" classname="com.buddi.hdportal.tests.HDPortalManageUserGroupsTest"/>
  <testcase name="deleteDuplicateUserGroup" time="4.227" classname="com.buddi.hdportal.tests.HDPortalManageUserGroupsTest"/>
</testsuite> <!-- com.buddi.hdportal.tests.HDPortalManageUserGroupsTest -->
