<?xml version="1.0" encoding="UTF-8"?>
<!-- Generated by org.testng.reporters.JUnitReportReporter -->
<testsuite skipped="0" hostname="LAPTOP-I3V0BKGE" name="com.buddi.hdportal.tests.HDPortalLoginTest" tests="2" failures="0" timestamp="12 Jun 2020 14:50:07 GMT" time="16.159" errors="0">
  <testcase name="launchHDPortal" time="5.031" classname="com.buddi.hdportal.tests.HDPortalLoginTest"/>
  <testcase name="loginHDPortal" time="11.128" classname="com.buddi.hdportal.tests.HDPortalLoginTest"/>
</testsuite> <!-- com.buddi.hdportal.tests.HDPortalLoginTest -->
