<?xml version="1.0" encoding="UTF-8"?>
<!-- Generated by org.testng.reporters.JUnitReportReporter -->
<testsuite skipped="0" hostname="LAPTOP-I3V0BKGE" name="com.buddi.hdportal.tests.HDPortalManageAddNewVisitsTest" tests="4" failures="0" timestamp="30 Sep 2020 13:54:15 GMT" time="25.686" errors="0">
  <testcase name="accessVisitsMenu" time="17.878" classname="com.buddi.hdportal.tests.HDPortalManageAddNewVisitsTest"/>
  <testcase name="accessAddButton" time="0.548" classname="com.buddi.hdportal.tests.HDPortalManageAddNewVisitsTest"/>
  <testcase name="createAddNewVisit" time="3.818" classname="com.buddi.hdportal.tests.HDPortalManageAddNewVisitsTest"/>
  <testcase name="verifyAddNewVisitInScheduledPage" time="3.442" classname="com.buddi.hdportal.tests.HDPortalManageAddNewVisitsTest"/>
</testsuite> <!-- com.buddi.hdportal.tests.HDPortalManageAddNewVisitsTest -->
