<?xml version="1.0" encoding="UTF-8"?>
<!-- Generated by org.testng.reporters.JUnitReportReporter -->
<testsuite skipped="0" hostname="LAPTOP-I3V0BKGE" name="com.buddi.hdportal.tests.HDPortalManageInProgressAlertsTest" tests="4" failures="0" timestamp="03 Oct 2020 15:11:01 GMT" time="7.019" errors="0">
  <testcase name="accessInProgressAlertsMenuAndVerifyGridTitle" time="1.632" classname="com.buddi.hdportal.tests.HDPortalManageInProgressAlertsTest"/>
  <testcase name="verifyColumnNamesInInProgressAlertsPageGrid" time="3.203" classname="com.buddi.hdportal.tests.HDPortalManageInProgressAlertsTest"/>
  <testcase name="openAlertDetailPage" time="0.169" classname="com.buddi.hdportal.tests.HDPortalManageInProgressAlertsTest"/>
  <testcase name="confirmAlertFromDetailsPage" time="2.015" classname="com.buddi.hdportal.tests.HDPortalManageInProgressAlertsTest"/>
</testsuite> <!-- com.buddi.hdportal.tests.HDPortalManageInProgressAlertsTest -->
