<?xml version="1.0" encoding="UTF-8"?>
<!-- Generated by org.testng.reporters.JUnitReportReporter -->
<testsuite skipped="0" hostname="LAPTOP-I3V0BKGE" name="com.buddi.colombiaapp.LoginColombiaAppNew" tests="1" failures="0" timestamp="03 May 2020 08:23:38 GMT" time="13.535" errors="0">
  <testcase name="loginColombiaApp" time="13.535" classname="com.buddi.colombiaapp.LoginColombiaAppNew"/>
</testsuite> <!-- com.buddi.colombiaapp.LoginColombiaAppNew -->
