<?xml version="1.0" encoding="UTF-8"?>
<!-- Generated by org.testng.reporters.JUnitReportReporter -->
<testsuite skipped="0" hostname="LAPTOP-I3V0BKGE" name="com.buddi.hdportal.tests.HDPortalManagementTest" tests="6" failures="0" timestamp="14 Jun 2020 06:52:42 GMT" time="10.998" errors="0">
  <testcase name="expandManagementMenu" time="0.088" classname="com.buddi.hdportal.tests.HDPortalManagementTest"/>
  <testcase name="clickUserGroupsMenuItem" time="0.807" classname="com.buddi.hdportal.tests.HDPortalManagementTest"/>
  <testcase name="addUserGroup" time="0.624" classname="com.buddi.hdportal.tests.HDPortalManagementTest"/>
  <testcase name="duplicateUserGroup" time="3.581" classname="com.buddi.hdportal.tests.HDPortalManagementTest"/>
  <testcase name="deleteCreatedUserGroup" time="2.935" classname="com.buddi.hdportal.tests.HDPortalManagementTest"/>
  <testcase name="deleteDuplicateUserGroup" time="2.963" classname="com.buddi.hdportal.tests.HDPortalManagementTest"/>
</testsuite> <!-- com.buddi.hdportal.tests.HDPortalManagementTest -->
