<?xml version="1.0" encoding="UTF-8"?>
<!-- Generated by org.testng.reporters.JUnitReportReporter -->
<testsuite skipped="1" hostname="LAPTOP-I3V0BKGE" name="com.buddi.hdportal.tests.HDPortalHomeTest" tests="1" failures="0" timestamp="13 Jun 2020 09:52:21 GMT" time="0.000" errors="0">
  <testcase name="verifyHelpDeskTitle" time="0.000" classname="com.buddi.hdportal.tests.HDPortalHomeTest">
    <skipped/>
  </testcase> <!-- verifyHelpDeskTitle -->
</testsuite> <!-- com.buddi.hdportal.tests.HDPortalHomeTest -->
