<?xml version="1.0" encoding="UTF-8"?>
<!-- Generated by org.testng.reporters.JUnitReportReporter -->
<testsuite skipped="0" hostname="LAPTOP-I3V0BKGE" name="com.buddi.hdportal.tests.HDPortalManageNewManualAlertsTest" tests="3" failures="0" timestamp="19 Sep 2020 19:29:34 GMT" time="7.308" errors="0">
  <testcase name="accessNewAlertsMenuAndVerifyPanelTitle" time="0.404" classname="com.buddi.hdportal.tests.HDPortalManageNewManualAlertsTest"/>
  <testcase name="verifyColumnNamesInNewAlertsPageGrid" time="2.284" classname="com.buddi.hdportal.tests.HDPortalManageNewManualAlertsTest"/>
  <testcase name="createNewAlert" time="4.620" classname="com.buddi.hdportal.tests.HDPortalManageNewManualAlertsTest"/>
</testsuite> <!-- com.buddi.hdportal.tests.HDPortalManageNewManualAlertsTest -->
