<?xml version="1.0" encoding="UTF-8"?>
<!-- Generated by org.testng.reporters.JUnitReportReporter -->
<testsuite skipped="0" hostname="LAPTOP-I3V0BKGE" name="com.buddi.hdportal.tests.HDPortalManageAlertHistoryTest" tests="3" failures="0" timestamp="03 Oct 2020 15:11:01 GMT" time="3.711" errors="0">
  <testcase name="accessAlertHistoryMenuAndVerifyGridTitle" time="2.795" classname="com.buddi.hdportal.tests.HDPortalManageAlertHistoryTest"/>
  <testcase name="openAlertDetailPage" time="0.403" classname="com.buddi.hdportal.tests.HDPortalManageAlertHistoryTest"/>
  <testcase name="verifyReopenAlertButtonInAlertDetailPage" time="0.513" classname="com.buddi.hdportal.tests.HDPortalManageAlertHistoryTest"/>
</testsuite> <!-- com.buddi.hdportal.tests.HDPortalManageAlertHistoryTest -->
