<?xml version="1.0" encoding="UTF-8"?>
<!-- Generated by org.testng.reporters.JUnitReportReporter -->
<testsuite skipped="0" hostname="LAPTOP-I3V0BKGE" name="com.buddi.colombiaapp.samples.excel.getExcelData" tests="1" failures="0" timestamp="30 Sep 2020 16:23:35 GMT" time="0.013" errors="0">
  <testcase name="TC01_Verify_Login_Valid_Cred" time="0.013" classname="com.buddi.colombiaapp.samples.excel.getExcelData"/>
</testsuite> <!-- com.buddi.colombiaapp.samples.excel.getExcelData -->
