<?xml version="1.0" encoding="UTF-8"?>
<!-- Generated by org.testng.reporters.JUnitReportReporter -->
<testsuite skipped="0" hostname="LAPTOP-I3V0BKGE" name="com.buddi.hdportal.tests.HDPortalLoginTest" tests="2" failures="0" timestamp="11 May 2020 09:58:14 GMT" time="15.611" errors="0">
  <testcase name="launchHDPortal" time="5.033" classname="com.buddi.hdportal.tests.HDPortalLoginTest"/>
  <testcase name="loginHDPortal" time="10.578" classname="com.buddi.hdportal.tests.HDPortalLoginTest"/>
</testsuite> <!-- com.buddi.hdportal.tests.HDPortalLoginTest -->
