<?xml version="1.0" encoding="UTF-8"?>
<!-- Generated by org.testng.reporters.JUnitReportReporter -->
<testsuite skipped="0" hostname="LAPTOP-I3V0BKGE" name="com.buddi.hdportal.tests.HDPortalManagementTest" tests="3" failures="0" timestamp="11 May 2020 09:58:14 GMT" time="1.071" errors="0">
  <testcase name="expandManagementMenu" time="0.126" classname="com.buddi.hdportal.tests.HDPortalManagementTest"/>
  <testcase name="clickUserGroupsMenuItem" time="0.835" classname="com.buddi.hdportal.tests.HDPortalManagementTest"/>
  <testcase name="addUserGroup" time="0.110" classname="com.buddi.hdportal.tests.HDPortalManagementTest"/>
</testsuite> <!-- com.buddi.hdportal.tests.HDPortalManagementTest -->
