<?xml version="1.0" encoding="UTF-8"?>
<!-- Generated by org.testng.reporters.JUnitReportReporter -->
<testsuite skipped="0" hostname="LAPTOP-I3V0BKGE" name="com.buddi.colombiaapp.tests.LoginColombiaAppTest" tests="1" failures="0" timestamp="03 May 2020 08:55:16 GMT" time="13.446" errors="0">
  <testcase name="loginColombiaApp" time="13.446" classname="com.buddi.colombiaapp.tests.LoginColombiaAppTest"/>
</testsuite> <!-- com.buddi.colombiaapp.tests.LoginColombiaAppTest -->
