<?xml version="1.0" encoding="UTF-8"?>
<!-- Generated by org.testng.reporters.JUnitReportReporter -->
<testsuite skipped="0" hostname="LAPTOP-I3V0BKGE" name="com.buddi.hdportal.tests.HDPortalHomeTest" tests="1" failures="0" timestamp="11 May 2020 09:58:14 GMT" time="5.098" errors="0">
  <testcase name="verifyHelpDeskTitle" time="5.098" classname="com.buddi.hdportal.tests.HDPortalHomeTest"/>
</testsuite> <!-- com.buddi.hdportal.tests.HDPortalHomeTest -->
