<?xml version="1.0" encoding="UTF-8"?>
<!-- Generated by org.testng.reporters.JUnitReportReporter -->
<testsuite skipped="0" hostname="LAPTOP-I3V0BKGE" name="com.instatech.buddi.appiumproject.LoginApp" tests="1" failures="0" timestamp="18 Mar 2020 08:02:31 GMT" time="29.284" errors="0">
  <testcase name="A" time="29.284" classname="com.instatech.buddi.appiumproject.LoginApp"/>
</testsuite> <!-- com.instatech.buddi.appiumproject.LoginApp -->
