<?xml version="1.0" encoding="UTF-8"?>
<!-- Generated by org.testng.reporters.JUnitReportReporter -->
<testsuite skipped="0" hostname="LAPTOP-I3V0BKGE" name="com.buddi.hdportal.tests.HDPortalHomeTest" tests="1" failures="0" timestamp="14 Jun 2020 08:29:11 GMT" time="5.206" errors="0">
  <testcase name="verifyHelpDeskTitle" time="5.206" classname="com.buddi.hdportal.tests.HDPortalHomeTest"/>
</testsuite> <!-- com.buddi.hdportal.tests.HDPortalHomeTest -->
