<?xml version="1.0" encoding="UTF-8"?>
<!-- Generated by org.testng.reporters.JUnitReportReporter -->
<testsuite skipped="0" hostname="LAPTOP-I3V0BKGE" name="com.instatech.buddi.appiumproject.LoginColombiaApp" tests="1" failures="0" timestamp="15 Apr 2020 09:52:02 GMT" time="13.626" errors="0">
  <testcase name="loginColombiaApp" time="13.626" classname="com.instatech.buddi.appiumproject.LoginColombiaApp"/>
</testsuite> <!-- com.instatech.buddi.appiumproject.LoginColombiaApp -->
