<?xml version="1.0" encoding="UTF-8"?>
<!-- Generated by org.testng.reporters.JUnitReportReporter -->
<testsuite skipped="0" hostname="LAPTOP-I3V0BKGE" name="com.buddi.hdportal.tests.SampleTest" tests="1" failures="0" timestamp="01 Jul 2020 08:03:46 GMT" time="0.407" errors="0">
  <testcase name="accessNewAlertsMenuAndVerifyPanelTitle" time="0.407" classname="com.buddi.hdportal.tests.SampleTest"/>
</testsuite> <!-- com.buddi.hdportal.tests.SampleTest -->
