<?xml version="1.0" encoding="UTF-8"?>
<!-- Generated by org.testng.reporters.JUnitReportReporter -->
<testsuite skipped="0" hostname="LAPTOP-I3V0BKGE" name="com.buddi.colombiaapp.testngexample.testngexample1" tests="2" failures="0" timestamp="13 May 2020 09:40:37 GMT" time="0.011" errors="0">
  <testcase name="test1" time="0.011" classname="com.buddi.colombiaapp.testngexample.testngexample1"/>
  <testcase name="test2" time="0.000" classname="com.buddi.colombiaapp.testngexample.testngexample1"/>
</testsuite> <!-- com.buddi.colombiaapp.testngexample.testngexample1 -->
