<?xml version="1.0" encoding="UTF-8"?>
<!-- Generated by org.testng.reporters.JUnitReportReporter -->
<testsuite skipped="0" hostname="LAPTOP-I3V0BKGE" name="com.buddi.hdportal.tests.HDPortalLoginTest" tests="2" failures="0" timestamp="28 Jun 2020 11:07:26 GMT" time="1.368" errors="0">
  <testcase name="launchHDPortal" time="0.734" classname="com.buddi.hdportal.tests.HDPortalLoginTest"/>
  <testcase name="loginHDPortal" time="0.634" classname="com.buddi.hdportal.tests.HDPortalLoginTest"/>
</testsuite> <!-- com.buddi.hdportal.tests.HDPortalLoginTest -->
