<?xml version="1.0" encoding="UTF-8"?>
<!-- Generated by org.testng.reporters.JUnitReportReporter -->
<testsuite skipped="4" hostname="LAPTOP-I3V0BKGE" name="com.buddi.hdportal.tests.HDPortalManagementTest" tests="4" failures="0" timestamp="13 Jun 2020 09:52:21 GMT" time="0.000" errors="0">
  <testcase name="expandManagementMenu" time="0.000" classname="com.buddi.hdportal.tests.HDPortalManagementTest">
    <skipped/>
  </testcase> <!-- expandManagementMenu -->
  <testcase name="clickUserGroupsMenuItem" time="0.000" classname="com.buddi.hdportal.tests.HDPortalManagementTest">
    <skipped/>
  </testcase> <!-- clickUserGroupsMenuItem -->
  <testcase name="addUserGroup" time="0.000" classname="com.buddi.hdportal.tests.HDPortalManagementTest">
    <skipped/>
  </testcase> <!-- addUserGroup -->
  <testcase name="deleteCreatedUserGroup" time="0.000" classname="com.buddi.hdportal.tests.HDPortalManagementTest">
    <skipped/>
  </testcase> <!-- deleteCreatedUserGroup -->
</testsuite> <!-- com.buddi.hdportal.tests.HDPortalManagementTest -->
